ARM GAS  D:\apps\VSCode\data\tmp\ccjIvKja.s 			page 1


   1              		.cpu cortex-m4
   2              		.eabi_attribute 27, 1
   3              		.eabi_attribute 28, 1
   4              		.eabi_attribute 20, 1
   5              		.eabi_attribute 21, 1
   6              		.eabi_attribute 23, 3
   7              		.eabi_attribute 24, 1
   8              		.eabi_attribute 25, 1
   9              		.eabi_attribute 26, 1
  10              		.eabi_attribute 30, 2
  11              		.eabi_attribute 34, 1
  12              		.eabi_attribute 18, 4
  13              		.file	"system_stm32g4xx.c"
  14              		.text
  15              	.Ltext0:
  16              		.cfi_sections	.debug_frame
  17              		.section	.text.SystemInit,"ax",%progbits
  18              		.align	1
  19              		.p2align 2,,3
  20              		.global	SystemInit
  21              		.arch armv7e-m
  22              		.syntax unified
  23              		.thumb
  24              		.thumb_func
  25              		.fpu fpv4-sp-d16
  27              	SystemInit:
  28              	.LFB130:
  29              		.file 1 "Src/system_stm32g4xx.c"
   1:Src/system_stm32g4xx.c **** /**
   2:Src/system_stm32g4xx.c ****   ******************************************************************************
   3:Src/system_stm32g4xx.c ****   * @file    system_stm32g4xx.c
   4:Src/system_stm32g4xx.c ****   * @author  MCD Application Team
   5:Src/system_stm32g4xx.c ****   * @brief   CMSIS Cortex-M4 Device Peripheral Access Layer System Source File
   6:Src/system_stm32g4xx.c ****   *
   7:Src/system_stm32g4xx.c ****   *   This file provides two functions and one global variable to be called from
   8:Src/system_stm32g4xx.c ****   *   user application:
   9:Src/system_stm32g4xx.c ****   *      - SystemInit(): This function is called at startup just after reset and
  10:Src/system_stm32g4xx.c ****   *                      before branch to main program. This call is made inside
  11:Src/system_stm32g4xx.c ****   *                      the "startup_stm32g4xx.s" file.
  12:Src/system_stm32g4xx.c ****   *
  13:Src/system_stm32g4xx.c ****   *      - SystemCoreClock variable: Contains the core clock (HCLK), it can be used
  14:Src/system_stm32g4xx.c ****   *                                  by the user application to setup the SysTick
  15:Src/system_stm32g4xx.c ****   *                                  timer or configure other parameters.
  16:Src/system_stm32g4xx.c ****   *
  17:Src/system_stm32g4xx.c ****   *      - SystemCoreClockUpdate(): Updates the variable SystemCoreClock and must
  18:Src/system_stm32g4xx.c ****   *                                 be called whenever the core clock is changed
  19:Src/system_stm32g4xx.c ****   *                                 during program execution.
  20:Src/system_stm32g4xx.c ****   *
  21:Src/system_stm32g4xx.c ****   *   After each device reset the HSI (16 MHz) is used as system clock source.
  22:Src/system_stm32g4xx.c ****   *   Then SystemInit() function is called, in "startup_stm32g4xx.s" file, to
  23:Src/system_stm32g4xx.c ****   *   configure the system clock before to branch to main program.
  24:Src/system_stm32g4xx.c ****   *
  25:Src/system_stm32g4xx.c ****   *   This file configures the system clock as follows:
  26:Src/system_stm32g4xx.c ****   *=============================================================================
  27:Src/system_stm32g4xx.c ****   *-----------------------------------------------------------------------------
  28:Src/system_stm32g4xx.c ****   *        System Clock source                    | HSI
  29:Src/system_stm32g4xx.c ****   *-----------------------------------------------------------------------------
ARM GAS  D:\apps\VSCode\data\tmp\ccjIvKja.s 			page 2


  30:Src/system_stm32g4xx.c ****   *        SYSCLK(Hz)                             | 16000000
  31:Src/system_stm32g4xx.c ****   *-----------------------------------------------------------------------------
  32:Src/system_stm32g4xx.c ****   *        HCLK(Hz)                               | 16000000
  33:Src/system_stm32g4xx.c ****   *-----------------------------------------------------------------------------
  34:Src/system_stm32g4xx.c ****   *        AHB Prescaler                          | 1
  35:Src/system_stm32g4xx.c ****   *-----------------------------------------------------------------------------
  36:Src/system_stm32g4xx.c ****   *        APB1 Prescaler                         | 1
  37:Src/system_stm32g4xx.c ****   *-----------------------------------------------------------------------------
  38:Src/system_stm32g4xx.c ****   *        APB2 Prescaler                         | 1
  39:Src/system_stm32g4xx.c ****   *-----------------------------------------------------------------------------
  40:Src/system_stm32g4xx.c ****   *        PLL_M                                  | 1
  41:Src/system_stm32g4xx.c ****   *-----------------------------------------------------------------------------
  42:Src/system_stm32g4xx.c ****   *        PLL_N                                  | 16
  43:Src/system_stm32g4xx.c ****   *-----------------------------------------------------------------------------
  44:Src/system_stm32g4xx.c ****   *        PLL_P                                  | 7
  45:Src/system_stm32g4xx.c ****   *-----------------------------------------------------------------------------
  46:Src/system_stm32g4xx.c ****   *        PLL_Q                                  | 2
  47:Src/system_stm32g4xx.c ****   *-----------------------------------------------------------------------------
  48:Src/system_stm32g4xx.c ****   *        PLL_R                                  | 2
  49:Src/system_stm32g4xx.c ****   *-----------------------------------------------------------------------------
  50:Src/system_stm32g4xx.c ****   *        Require 48MHz for RNG                  | Disabled
  51:Src/system_stm32g4xx.c ****   *-----------------------------------------------------------------------------
  52:Src/system_stm32g4xx.c ****   *=============================================================================
  53:Src/system_stm32g4xx.c ****   ******************************************************************************
  54:Src/system_stm32g4xx.c ****   * @attention
  55:Src/system_stm32g4xx.c ****   *
  56:Src/system_stm32g4xx.c ****   * <h2><center>&copy; Copyright (c) 2019 STMicroelectronics.
  57:Src/system_stm32g4xx.c ****   * All rights reserved.</center></h2>
  58:Src/system_stm32g4xx.c ****   *
  59:Src/system_stm32g4xx.c ****   * This software component is licensed by ST under BSD 3-Clause license,
  60:Src/system_stm32g4xx.c ****   * the "License"; You may not use this file except in compliance with the
  61:Src/system_stm32g4xx.c ****   * License. You may obtain a copy of the License at:
  62:Src/system_stm32g4xx.c ****   *                        opensource.org/licenses/BSD-3-Clause
  63:Src/system_stm32g4xx.c ****   *
  64:Src/system_stm32g4xx.c ****   ******************************************************************************
  65:Src/system_stm32g4xx.c ****   */
  66:Src/system_stm32g4xx.c **** 
  67:Src/system_stm32g4xx.c **** /** @addtogroup CMSIS
  68:Src/system_stm32g4xx.c ****   * @{
  69:Src/system_stm32g4xx.c ****   */
  70:Src/system_stm32g4xx.c **** 
  71:Src/system_stm32g4xx.c **** /** @addtogroup stm32g4xx_system
  72:Src/system_stm32g4xx.c ****   * @{
  73:Src/system_stm32g4xx.c ****   */
  74:Src/system_stm32g4xx.c **** 
  75:Src/system_stm32g4xx.c **** /** @addtogroup STM32G4xx_System_Private_Includes
  76:Src/system_stm32g4xx.c ****   * @{
  77:Src/system_stm32g4xx.c ****   */
  78:Src/system_stm32g4xx.c **** 
  79:Src/system_stm32g4xx.c **** #include "stm32g4xx.h"
  80:Src/system_stm32g4xx.c **** 
  81:Src/system_stm32g4xx.c **** #if !defined  (HSE_VALUE)
  82:Src/system_stm32g4xx.c ****   #define HSE_VALUE     10000000U /*!< Value of the External oscillator in Hz */
  83:Src/system_stm32g4xx.c **** #endif /* HSE_VALUE */
  84:Src/system_stm32g4xx.c **** 
  85:Src/system_stm32g4xx.c **** #if !defined  (HSI_VALUE)
  86:Src/system_stm32g4xx.c ****   #define HSI_VALUE    16000000U /*!< Value of the Internal oscillator in Hz*/
ARM GAS  D:\apps\VSCode\data\tmp\ccjIvKja.s 			page 3


  87:Src/system_stm32g4xx.c **** #endif /* HSI_VALUE */
  88:Src/system_stm32g4xx.c **** /**
  89:Src/system_stm32g4xx.c ****   * @}
  90:Src/system_stm32g4xx.c ****   */
  91:Src/system_stm32g4xx.c **** 
  92:Src/system_stm32g4xx.c **** /** @addtogroup STM32G4xx_System_Private_TypesDefinitions
  93:Src/system_stm32g4xx.c ****   * @{
  94:Src/system_stm32g4xx.c ****   */
  95:Src/system_stm32g4xx.c **** 
  96:Src/system_stm32g4xx.c **** /**
  97:Src/system_stm32g4xx.c ****   * @}
  98:Src/system_stm32g4xx.c ****   */
  99:Src/system_stm32g4xx.c **** 
 100:Src/system_stm32g4xx.c **** /** @addtogroup STM32G4xx_System_Private_Defines
 101:Src/system_stm32g4xx.c ****   * @{
 102:Src/system_stm32g4xx.c ****   */
 103:Src/system_stm32g4xx.c **** 
 104:Src/system_stm32g4xx.c **** /************************* Miscellaneous Configuration ************************/
 105:Src/system_stm32g4xx.c **** /*!< Uncomment the following line if you need to relocate your vector Table in
 106:Src/system_stm32g4xx.c ****      Internal SRAM. */
 107:Src/system_stm32g4xx.c **** /* #define VECT_TAB_SRAM */
 108:Src/system_stm32g4xx.c **** #define VECT_TAB_OFFSET  0x00UL /*!< Vector Table base offset field.
 109:Src/system_stm32g4xx.c ****                                    This value must be a multiple of 0x200. */
 110:Src/system_stm32g4xx.c **** /******************************************************************************/
 111:Src/system_stm32g4xx.c **** /**
 112:Src/system_stm32g4xx.c ****   * @}
 113:Src/system_stm32g4xx.c ****   */
 114:Src/system_stm32g4xx.c **** 
 115:Src/system_stm32g4xx.c **** /** @addtogroup STM32G4xx_System_Private_Macros
 116:Src/system_stm32g4xx.c ****   * @{
 117:Src/system_stm32g4xx.c ****   */
 118:Src/system_stm32g4xx.c **** 
 119:Src/system_stm32g4xx.c **** /**
 120:Src/system_stm32g4xx.c ****   * @}
 121:Src/system_stm32g4xx.c ****   */
 122:Src/system_stm32g4xx.c **** 
 123:Src/system_stm32g4xx.c **** /** @addtogroup STM32G4xx_System_Private_Variables
 124:Src/system_stm32g4xx.c ****   * @{
 125:Src/system_stm32g4xx.c ****   */
 126:Src/system_stm32g4xx.c ****   /* The SystemCoreClock variable is updated in three ways:
 127:Src/system_stm32g4xx.c ****       1) by calling CMSIS function SystemCoreClockUpdate()
 128:Src/system_stm32g4xx.c ****       2) by calling HAL API function HAL_RCC_GetHCLKFreq()
 129:Src/system_stm32g4xx.c ****       3) each time HAL_RCC_ClockConfig() is called to configure the system clock frequency
 130:Src/system_stm32g4xx.c ****          Note: If you use this function to configure the system clock; then there
 131:Src/system_stm32g4xx.c ****                is no need to call the 2 first functions listed above, since SystemCoreClock
 132:Src/system_stm32g4xx.c ****                variable is updated automatically.
 133:Src/system_stm32g4xx.c ****   */
 134:Src/system_stm32g4xx.c ****   uint32_t SystemCoreClock = HSI_VALUE;
 135:Src/system_stm32g4xx.c **** 
 136:Src/system_stm32g4xx.c ****   const uint8_t AHBPrescTable[16] = {0U, 0U, 0U, 0U, 0U, 0U, 0U, 0U, 1U, 2U, 3U, 4U, 6U, 7U, 8U, 9U
 137:Src/system_stm32g4xx.c ****   const uint8_t APBPrescTable[8] =  {0U, 0U, 0U, 0U, 1U, 2U, 3U, 4U};
 138:Src/system_stm32g4xx.c **** 
 139:Src/system_stm32g4xx.c **** /**
 140:Src/system_stm32g4xx.c ****   * @}
 141:Src/system_stm32g4xx.c ****   */
 142:Src/system_stm32g4xx.c **** 
 143:Src/system_stm32g4xx.c **** /** @addtogroup STM32G4xx_System_Private_FunctionPrototypes
ARM GAS  D:\apps\VSCode\data\tmp\ccjIvKja.s 			page 4


 144:Src/system_stm32g4xx.c ****   * @{
 145:Src/system_stm32g4xx.c ****   */
 146:Src/system_stm32g4xx.c **** 
 147:Src/system_stm32g4xx.c **** /**
 148:Src/system_stm32g4xx.c ****   * @}
 149:Src/system_stm32g4xx.c ****   */
 150:Src/system_stm32g4xx.c **** 
 151:Src/system_stm32g4xx.c **** /** @addtogroup STM32G4xx_System_Private_Functions
 152:Src/system_stm32g4xx.c ****   * @{
 153:Src/system_stm32g4xx.c ****   */
 154:Src/system_stm32g4xx.c **** 
 155:Src/system_stm32g4xx.c **** /**
 156:Src/system_stm32g4xx.c ****   * @brief  Setup the microcontroller system.
 157:Src/system_stm32g4xx.c ****   * @param  None
 158:Src/system_stm32g4xx.c ****   * @retval None
 159:Src/system_stm32g4xx.c ****   */
 160:Src/system_stm32g4xx.c **** 
 161:Src/system_stm32g4xx.c **** void SystemInit(void)
 162:Src/system_stm32g4xx.c **** {
  30              		.loc 1 162 1 view -0
  31              		.cfi_startproc
  32              		@ args = 0, pretend = 0, frame = 0
  33              		@ frame_needed = 0, uses_anonymous_args = 0
  34              		@ link register save eliminated.
 163:Src/system_stm32g4xx.c ****   /* FPU settings ------------------------------------------------------------*/
 164:Src/system_stm32g4xx.c ****   #if (__FPU_PRESENT == 1) && (__FPU_USED == 1)
 165:Src/system_stm32g4xx.c ****     SCB->CPACR |= ((3UL << (10*2))|(3UL << (11*2)));  /* set CP10 and CP11 Full Access */
  35              		.loc 1 165 5 view .LVU1
  36              		.loc 1 165 16 is_stmt 0 view .LVU2
  37 0000 054B     		ldr	r3, .L3
  38 0002 D3F88820 		ldr	r2, [r3, #136]
 166:Src/system_stm32g4xx.c ****   #endif
 167:Src/system_stm32g4xx.c **** 
 168:Src/system_stm32g4xx.c ****   /* Configure the Vector Table location add offset address ------------------*/
 169:Src/system_stm32g4xx.c **** #ifdef VECT_TAB_SRAM
 170:Src/system_stm32g4xx.c ****   SCB->VTOR = SRAM_BASE | VECT_TAB_OFFSET; /* Vector Table Relocation in Internal SRAM */
 171:Src/system_stm32g4xx.c **** #else
 172:Src/system_stm32g4xx.c ****   SCB->VTOR = FLASH_BASE | VECT_TAB_OFFSET; /* Vector Table Relocation in Internal FLASH */
  39              		.loc 1 172 13 view .LVU3
  40 0006 4FF00061 		mov	r1, #134217728
 165:Src/system_stm32g4xx.c ****   #endif
  41              		.loc 1 165 16 view .LVU4
  42 000a 42F47002 		orr	r2, r2, #15728640
  43 000e C3F88820 		str	r2, [r3, #136]
  44              		.loc 1 172 3 is_stmt 1 view .LVU5
  45              		.loc 1 172 13 is_stmt 0 view .LVU6
  46 0012 9960     		str	r1, [r3, #8]
 173:Src/system_stm32g4xx.c **** #endif
 174:Src/system_stm32g4xx.c **** }
  47              		.loc 1 174 1 view .LVU7
  48 0014 7047     		bx	lr
  49              	.L4:
  50 0016 00BF     		.align	2
  51              	.L3:
  52 0018 00ED00E0 		.word	-536810240
  53              		.cfi_endproc
  54              	.LFE130:
ARM GAS  D:\apps\VSCode\data\tmp\ccjIvKja.s 			page 5


  56              		.section	.text.SystemCoreClockUpdate,"ax",%progbits
  57              		.align	1
  58              		.p2align 2,,3
  59              		.global	SystemCoreClockUpdate
  60              		.syntax unified
  61              		.thumb
  62              		.thumb_func
  63              		.fpu fpv4-sp-d16
  65              	SystemCoreClockUpdate:
  66              	.LFB131:
 175:Src/system_stm32g4xx.c **** 
 176:Src/system_stm32g4xx.c **** /**
 177:Src/system_stm32g4xx.c ****   * @brief  Update SystemCoreClock variable according to Clock Register Values.
 178:Src/system_stm32g4xx.c ****   *         The SystemCoreClock variable contains the core clock (HCLK), it can
 179:Src/system_stm32g4xx.c ****   *         be used by the user application to setup the SysTick timer or configure
 180:Src/system_stm32g4xx.c ****   *         other parameters.
 181:Src/system_stm32g4xx.c ****   *
 182:Src/system_stm32g4xx.c ****   * @note   Each time the core clock (HCLK) changes, this function must be called
 183:Src/system_stm32g4xx.c ****   *         to update SystemCoreClock variable value. Otherwise, any configuration
 184:Src/system_stm32g4xx.c ****   *         based on this variable will be incorrect.
 185:Src/system_stm32g4xx.c ****   *
 186:Src/system_stm32g4xx.c ****   * @note   - The system frequency computed by this function is not the real
 187:Src/system_stm32g4xx.c ****   *           frequency in the chip. It is calculated based on the predefined
 188:Src/system_stm32g4xx.c ****   *           constant and the selected clock source:
 189:Src/system_stm32g4xx.c ****   *
 190:Src/system_stm32g4xx.c ****   *           - If SYSCLK source is HSI, SystemCoreClock will contain the HSI_VALUE(**)
 191:Src/system_stm32g4xx.c ****   *
 192:Src/system_stm32g4xx.c ****   *           - If SYSCLK source is HSE, SystemCoreClock will contain the HSE_VALUE(***)
 193:Src/system_stm32g4xx.c ****   *
 194:Src/system_stm32g4xx.c ****   *           - If SYSCLK source is PLL, SystemCoreClock will contain the HSE_VALUE(***)
 195:Src/system_stm32g4xx.c ****   *             or HSI_VALUE(*) multiplied/divided by the PLL factors.
 196:Src/system_stm32g4xx.c ****   *
 197:Src/system_stm32g4xx.c ****   *         (**) HSI_VALUE is a constant defined in stm32g4xx_hal.h file (default value
 198:Src/system_stm32g4xx.c ****   *              16 MHz) but the real value may vary depending on the variations
 199:Src/system_stm32g4xx.c ****   *              in voltage and temperature.
 200:Src/system_stm32g4xx.c ****   *
 201:Src/system_stm32g4xx.c ****   *         (***) HSE_VALUE is a constant defined in stm32g4xx_hal.h file (default value
 202:Src/system_stm32g4xx.c ****   *              8 MHz), user has to ensure that HSE_VALUE is same as the real
 203:Src/system_stm32g4xx.c ****   *              frequency of the crystal used. Otherwise, this function may
 204:Src/system_stm32g4xx.c ****   *              have wrong result.
 205:Src/system_stm32g4xx.c ****   *
 206:Src/system_stm32g4xx.c ****   *         - The result of this function could be not correct when using fractional
 207:Src/system_stm32g4xx.c ****   *           value for HSE crystal.
 208:Src/system_stm32g4xx.c ****   *
 209:Src/system_stm32g4xx.c ****   * @param  None
 210:Src/system_stm32g4xx.c ****   * @retval None
 211:Src/system_stm32g4xx.c ****   */
 212:Src/system_stm32g4xx.c **** void SystemCoreClockUpdate(void)
 213:Src/system_stm32g4xx.c **** {
  67              		.loc 1 213 1 is_stmt 1 view -0
  68              		.cfi_startproc
  69              		@ args = 0, pretend = 0, frame = 0
  70              		@ frame_needed = 0, uses_anonymous_args = 0
  71              		@ link register save eliminated.
 214:Src/system_stm32g4xx.c ****   uint32_t tmp, pllvco, pllr, pllsource, pllm;
  72              		.loc 1 214 3 view .LVU9
 215:Src/system_stm32g4xx.c **** 
ARM GAS  D:\apps\VSCode\data\tmp\ccjIvKja.s 			page 6


 216:Src/system_stm32g4xx.c ****   /* Get SYSCLK source -------------------------------------------------------*/
 217:Src/system_stm32g4xx.c ****   switch (RCC->CFGR & RCC_CFGR_SWS)
  73              		.loc 1 217 3 view .LVU10
  74              		.loc 1 217 14 is_stmt 0 view .LVU11
  75 0000 1B4A     		ldr	r2, .L12
  76 0002 9368     		ldr	r3, [r2, #8]
  77              		.loc 1 217 21 view .LVU12
  78 0004 03F00C03 		and	r3, r3, #12
  79              		.loc 1 217 3 view .LVU13
  80 0008 082B     		cmp	r3, #8
  81 000a 2DD0     		beq	.L10
  82 000c 0C2B     		cmp	r3, #12
  83 000e 0FD0     		beq	.L7
  84 0010 042B     		cmp	r3, #4
  85 0012 0AD0     		beq	.L11
  86 0014 1749     		ldr	r1, .L12+4
  87 0016 0B68     		ldr	r3, [r1]
  88              	.L6:
 218:Src/system_stm32g4xx.c ****   {
 219:Src/system_stm32g4xx.c ****     case 0x04:  /* HSI used as system clock source */
 220:Src/system_stm32g4xx.c ****       SystemCoreClock = HSI_VALUE;
 221:Src/system_stm32g4xx.c ****       break;
 222:Src/system_stm32g4xx.c **** 
 223:Src/system_stm32g4xx.c ****     case 0x08:  /* HSE used as system clock source */
 224:Src/system_stm32g4xx.c ****       SystemCoreClock = HSE_VALUE;
 225:Src/system_stm32g4xx.c ****       break;
 226:Src/system_stm32g4xx.c **** 
 227:Src/system_stm32g4xx.c ****     case 0x0C:  /* PLL used as system clock  source */
 228:Src/system_stm32g4xx.c ****       /* PLL_VCO = (HSE_VALUE or HSI_VALUE / PLLM) * PLLN
 229:Src/system_stm32g4xx.c ****          SYSCLK = PLL_VCO / PLLR
 230:Src/system_stm32g4xx.c ****          */
 231:Src/system_stm32g4xx.c ****       pllsource = (RCC->PLLCFGR & RCC_PLLCFGR_PLLSRC);
 232:Src/system_stm32g4xx.c ****       pllm = ((RCC->PLLCFGR & RCC_PLLCFGR_PLLM) >> 4) + 1U ;
 233:Src/system_stm32g4xx.c ****       if (pllsource == 0x02UL) /* HSI used as PLL clock source */
 234:Src/system_stm32g4xx.c ****       {
 235:Src/system_stm32g4xx.c ****         pllvco = (HSI_VALUE / pllm);
 236:Src/system_stm32g4xx.c ****       }
 237:Src/system_stm32g4xx.c ****       else                   /* HSE used as PLL clock source */
 238:Src/system_stm32g4xx.c ****       {
 239:Src/system_stm32g4xx.c ****         pllvco = (HSE_VALUE / pllm);
 240:Src/system_stm32g4xx.c ****       }
 241:Src/system_stm32g4xx.c ****       pllvco = pllvco * ((RCC->PLLCFGR & RCC_PLLCFGR_PLLN) >> 8);
 242:Src/system_stm32g4xx.c ****       pllr = (((RCC->PLLCFGR & RCC_PLLCFGR_PLLR) >> 25) + 1U) * 2U;
 243:Src/system_stm32g4xx.c ****       SystemCoreClock = pllvco/pllr;
 244:Src/system_stm32g4xx.c ****       break;
 245:Src/system_stm32g4xx.c **** 
 246:Src/system_stm32g4xx.c ****     default:
 247:Src/system_stm32g4xx.c ****       break;
 248:Src/system_stm32g4xx.c ****   }
 249:Src/system_stm32g4xx.c ****   /* Compute HCLK clock frequency --------------------------------------------*/
 250:Src/system_stm32g4xx.c ****   /* Get HCLK prescaler */
 251:Src/system_stm32g4xx.c ****   tmp = AHBPrescTable[((RCC->CFGR & RCC_CFGR_HPRE) >> 4)];
  89              		.loc 1 251 3 is_stmt 1 view .LVU14
  90              		.loc 1 251 28 is_stmt 0 view .LVU15
  91 0018 154A     		ldr	r2, .L12
  92              		.loc 1 251 22 view .LVU16
  93 001a 1748     		ldr	r0, .L12+8
ARM GAS  D:\apps\VSCode\data\tmp\ccjIvKja.s 			page 7


  94              		.loc 1 251 28 view .LVU17
  95 001c 9268     		ldr	r2, [r2, #8]
  96              	.LVL0:
 252:Src/system_stm32g4xx.c ****   /* HCLK clock frequency */
 253:Src/system_stm32g4xx.c ****   SystemCoreClock >>= tmp;
  97              		.loc 1 253 3 is_stmt 1 view .LVU18
 251:Src/system_stm32g4xx.c ****   /* HCLK clock frequency */
  98              		.loc 1 251 52 is_stmt 0 view .LVU19
  99 001e C2F30312 		ubfx	r2, r2, #4, #4
 100              	.LVL1:
 251:Src/system_stm32g4xx.c ****   /* HCLK clock frequency */
 101              		.loc 1 251 7 view .LVU20
 102 0022 825C     		ldrb	r2, [r0, r2]	@ zero_extendqisi2
 103              		.loc 1 253 19 view .LVU21
 104 0024 D340     		lsrs	r3, r3, r2
 105 0026 0B60     		str	r3, [r1]
 254:Src/system_stm32g4xx.c **** }
 106              		.loc 1 254 1 view .LVU22
 107 0028 7047     		bx	lr
 108              	.L11:
 217:Src/system_stm32g4xx.c ****   {
 109              		.loc 1 217 3 view .LVU23
 110 002a 144B     		ldr	r3, .L12+12
 111 002c 1149     		ldr	r1, .L12+4
 112 002e F3E7     		b	.L6
 113              	.L7:
 231:Src/system_stm32g4xx.c ****       pllm = ((RCC->PLLCFGR & RCC_PLLCFGR_PLLM) >> 4) + 1U ;
 114              		.loc 1 231 7 is_stmt 1 view .LVU24
 231:Src/system_stm32g4xx.c ****       pllm = ((RCC->PLLCFGR & RCC_PLLCFGR_PLLM) >> 4) + 1U ;
 115              		.loc 1 231 23 is_stmt 0 view .LVU25
 116 0030 D168     		ldr	r1, [r2, #12]
 117              	.LVL2:
 232:Src/system_stm32g4xx.c ****       if (pllsource == 0x02UL) /* HSI used as PLL clock source */
 118              		.loc 1 232 7 is_stmt 1 view .LVU26
 232:Src/system_stm32g4xx.c ****       if (pllsource == 0x02UL) /* HSI used as PLL clock source */
 119              		.loc 1 232 19 is_stmt 0 view .LVU27
 120 0032 D368     		ldr	r3, [r2, #12]
 231:Src/system_stm32g4xx.c ****       pllm = ((RCC->PLLCFGR & RCC_PLLCFGR_PLLM) >> 4) + 1U ;
 121              		.loc 1 231 17 view .LVU28
 122 0034 01F00302 		and	r2, r1, #3
 123              	.LVL3:
 233:Src/system_stm32g4xx.c ****       {
 124              		.loc 1 233 10 view .LVU29
 125 0038 022A     		cmp	r2, #2
 232:Src/system_stm32g4xx.c ****       if (pllsource == 0x02UL) /* HSI used as PLL clock source */
 126              		.loc 1 232 49 view .LVU30
 127 003a C3F30313 		ubfx	r3, r3, #4, #4
 235:Src/system_stm32g4xx.c ****       }
 128              		.loc 1 235 16 view .LVU31
 129 003e 0CBF     		ite	eq
 130 0040 0E4A     		ldreq	r2, .L12+12
 131              	.LVL4:
 239:Src/system_stm32g4xx.c ****       }
 132              		.loc 1 239 16 view .LVU32
 133 0042 0F4A     		ldrne	r2, .L12+16
 134 0044 0B49     		ldr	r1, .L12+4
 135              	.LVL5:
ARM GAS  D:\apps\VSCode\data\tmp\ccjIvKja.s 			page 8


 232:Src/system_stm32g4xx.c ****       if (pllsource == 0x02UL) /* HSI used as PLL clock source */
 136              		.loc 1 232 12 view .LVU33
 137 0046 0133     		adds	r3, r3, #1
 138              	.LVL6:
 233:Src/system_stm32g4xx.c ****       {
 139              		.loc 1 233 7 is_stmt 1 view .LVU34
 235:Src/system_stm32g4xx.c ****       }
 140              		.loc 1 235 9 view .LVU35
 239:Src/system_stm32g4xx.c ****       }
 141              		.loc 1 239 9 view .LVU36
 239:Src/system_stm32g4xx.c ****       }
 142              		.loc 1 239 16 is_stmt 0 view .LVU37
 143 0048 B2FBF3F3 		udiv	r3, r2, r3
 144              	.LVL7:
 241:Src/system_stm32g4xx.c ****       pllr = (((RCC->PLLCFGR & RCC_PLLCFGR_PLLR) >> 25) + 1U) * 2U;
 145              		.loc 1 241 7 is_stmt 1 view .LVU38
 241:Src/system_stm32g4xx.c ****       pllr = (((RCC->PLLCFGR & RCC_PLLCFGR_PLLR) >> 25) + 1U) * 2U;
 146              		.loc 1 241 30 is_stmt 0 view .LVU39
 147 004c 084A     		ldr	r2, .L12
 148 004e D068     		ldr	r0, [r2, #12]
 149              	.LVL8:
 242:Src/system_stm32g4xx.c ****       SystemCoreClock = pllvco/pllr;
 150              		.loc 1 242 7 is_stmt 1 view .LVU40
 242:Src/system_stm32g4xx.c ****       SystemCoreClock = pllvco/pllr;
 151              		.loc 1 242 20 is_stmt 0 view .LVU41
 152 0050 D268     		ldr	r2, [r2, #12]
 153              	.LVL9:
 243:Src/system_stm32g4xx.c ****       break;
 154              		.loc 1 243 7 is_stmt 1 view .LVU42
 242:Src/system_stm32g4xx.c ****       SystemCoreClock = pllvco/pllr;
 155              		.loc 1 242 50 is_stmt 0 view .LVU43
 156 0052 C2F34162 		ubfx	r2, r2, #25, #2
 157              	.LVL10:
 242:Src/system_stm32g4xx.c ****       SystemCoreClock = pllvco/pllr;
 158              		.loc 1 242 63 view .LVU44
 159 0056 0132     		adds	r2, r2, #1
 241:Src/system_stm32g4xx.c ****       pllr = (((RCC->PLLCFGR & RCC_PLLCFGR_PLLR) >> 25) + 1U) * 2U;
 160              		.loc 1 241 60 view .LVU45
 161 0058 C0F30620 		ubfx	r0, r0, #8, #7
 162              	.LVL11:
 242:Src/system_stm32g4xx.c ****       SystemCoreClock = pllvco/pllr;
 163              		.loc 1 242 12 view .LVU46
 164 005c 5200     		lsls	r2, r2, #1
 241:Src/system_stm32g4xx.c ****       pllr = (((RCC->PLLCFGR & RCC_PLLCFGR_PLLR) >> 25) + 1U) * 2U;
 165              		.loc 1 241 14 view .LVU47
 166 005e 03FB00F3 		mul	r3, r3, r0
 243:Src/system_stm32g4xx.c ****       break;
 167              		.loc 1 243 31 view .LVU48
 168 0062 B3FBF2F3 		udiv	r3, r3, r2
 244:Src/system_stm32g4xx.c **** 
 169              		.loc 1 244 7 is_stmt 1 view .LVU49
 170 0066 D7E7     		b	.L6
 171              	.L10:
 217:Src/system_stm32g4xx.c ****   {
 172              		.loc 1 217 3 is_stmt 0 view .LVU50
 173 0068 054B     		ldr	r3, .L12+16
 174 006a 0249     		ldr	r1, .L12+4
ARM GAS  D:\apps\VSCode\data\tmp\ccjIvKja.s 			page 9


 175 006c D4E7     		b	.L6
 176              	.L13:
 177 006e 00BF     		.align	2
 178              	.L12:
 179 0070 00100240 		.word	1073876992
 180 0074 00000000 		.word	.LANCHOR0
 181 0078 00000000 		.word	.LANCHOR1
 182 007c 0024F400 		.word	16000000
 183 0080 80969800 		.word	10000000
 184              		.cfi_endproc
 185              	.LFE131:
 187              		.global	APBPrescTable
 188              		.global	AHBPrescTable
 189              		.global	SystemCoreClock
 190              		.section	.data.SystemCoreClock,"aw"
 191              		.align	2
 192              		.set	.LANCHOR0,. + 0
 195              	SystemCoreClock:
 196 0000 0024F400 		.word	16000000
 197              		.section	.rodata.AHBPrescTable,"a"
 198              		.align	2
 199              		.set	.LANCHOR1,. + 0
 202              	AHBPrescTable:
 203 0000 00       		.byte	0
 204 0001 00       		.byte	0
 205 0002 00       		.byte	0
 206 0003 00       		.byte	0
 207 0004 00       		.byte	0
 208 0005 00       		.byte	0
 209 0006 00       		.byte	0
 210 0007 00       		.byte	0
 211 0008 01       		.byte	1
 212 0009 02       		.byte	2
 213 000a 03       		.byte	3
 214 000b 04       		.byte	4
 215 000c 06       		.byte	6
 216 000d 07       		.byte	7
 217 000e 08       		.byte	8
 218 000f 09       		.byte	9
 219              		.section	.rodata.APBPrescTable,"a"
 220              		.align	2
 223              	APBPrescTable:
 224 0000 00       		.byte	0
 225 0001 00       		.byte	0
 226 0002 00       		.byte	0
 227 0003 00       		.byte	0
 228 0004 01       		.byte	1
 229 0005 02       		.byte	2
 230 0006 03       		.byte	3
 231 0007 04       		.byte	4
 232              		.text
 233              	.Letext0:
 234              		.file 2 "d:\\apps\\embedded_gcc\\arm_gcc\\arm-none-eabi\\include\\machine\\_default_types.h"
 235              		.file 3 "d:\\apps\\embedded_gcc\\arm_gcc\\arm-none-eabi\\include\\sys\\_stdint.h"
 236              		.file 4 "Drivers/CMSIS/Include/core_cm4.h"
 237              		.file 5 "Drivers/CMSIS/Device/ST/STM32G4xx/Include/system_stm32g4xx.h"
 238              		.file 6 "Drivers/CMSIS/Device/ST/STM32G4xx/Include/stm32g474xx.h"
ARM GAS  D:\apps\VSCode\data\tmp\ccjIvKja.s 			page 10


ARM GAS  D:\apps\VSCode\data\tmp\ccjIvKja.s 			page 11


DEFINED SYMBOLS
                            *ABS*:0000000000000000 system_stm32g4xx.c
D:\apps\VSCode\data\tmp\ccjIvKja.s:18     .text.SystemInit:0000000000000000 $t
D:\apps\VSCode\data\tmp\ccjIvKja.s:27     .text.SystemInit:0000000000000000 SystemInit
D:\apps\VSCode\data\tmp\ccjIvKja.s:52     .text.SystemInit:0000000000000018 $d
D:\apps\VSCode\data\tmp\ccjIvKja.s:57     .text.SystemCoreClockUpdate:0000000000000000 $t
D:\apps\VSCode\data\tmp\ccjIvKja.s:65     .text.SystemCoreClockUpdate:0000000000000000 SystemCoreClockUpdate
D:\apps\VSCode\data\tmp\ccjIvKja.s:179    .text.SystemCoreClockUpdate:0000000000000070 $d
D:\apps\VSCode\data\tmp\ccjIvKja.s:223    .rodata.APBPrescTable:0000000000000000 APBPrescTable
D:\apps\VSCode\data\tmp\ccjIvKja.s:202    .rodata.AHBPrescTable:0000000000000000 AHBPrescTable
D:\apps\VSCode\data\tmp\ccjIvKja.s:195    .data.SystemCoreClock:0000000000000000 SystemCoreClock
D:\apps\VSCode\data\tmp\ccjIvKja.s:191    .data.SystemCoreClock:0000000000000000 $d
D:\apps\VSCode\data\tmp\ccjIvKja.s:198    .rodata.AHBPrescTable:0000000000000000 $d
D:\apps\VSCode\data\tmp\ccjIvKja.s:220    .rodata.APBPrescTable:0000000000000000 $d

NO UNDEFINED SYMBOLS
